{
  "RSpec": {
    "coverage": {
      "/home/lucy/verschenkenStattWegwerfen/config/environment.rb": [
        null,
        1,
        null,
        null,
        1
      ],
      "/home/lucy/verschenkenStattWegwerfen/config/application.rb": [
        1,
        null,
        1,
        null,
        null,
        null,
        1,
        null,
        1,
        1,
        null,
        1,
        null,
        null,
        null,
        null,
        null,
        null
      ],
      "/home/lucy/verschenkenStattWegwerfen/config/boot.rb": [
        1,
        null,
        1
      ],
      "/home/lucy/verschenkenStattWegwerfen/config/environments/test.rb": [
        1,
        null,
        null,
        null,
        null,
        null,
        null,
        1,
        null,
        null,
        null,
        null,
        1,
        null,
        null,
        1,
        1,
        null,
        null,
        null,
        null,
        1,
        1,
        null,
        null,
        1,
        null,
        null,
        1,
        1,
        null,
        null,
        null,
        null,
        1,
        null,
        null,
        1,
        null,
        null,
        null,
        null
      ],
      "/home/lucy/verschenkenStattWegwerfen/config/initializers/application_controller_renderer.rb": [
        null,
        null,
        null,
        null,
        null,
        null,
        null,
        null
      ],
      "/home/lucy/verschenkenStattWegwerfen/config/initializers/assets.rb": [
        null,
        null,
        null,
        1,
        null,
        null,
        null,
        null,
        1,
        null,
        null,
        null,
        null,
        null
      ],
      "/home/lucy/verschenkenStattWegwerfen/config/initializers/backtrace_silencers.rb": [
        null,
        null,
        null,
        null,
        null,
        null,
        null
      ],
      "/home/lucy/verschenkenStattWegwerfen/config/initializers/cookies_serializer.rb": [
        null,
        null,
        null,
        null,
        1
      ],
      "/home/lucy/verschenkenStattWegwerfen/config/initializers/devise.rb": [
        null,
        null,
        1,
        null,
        null,
        null,
        null,
        null,
        null,
        null,
        null,
        null,
        null,
        null,
        1,
        null,
        null,
        null,
        null,
        null,
        null,
        null,
        null,
        null,
        null,
        null,
        1,
        null,
        null,
        null,
        null,
        null,
        null,
        null,
        null,
        null,
        null,
        null,
        null,
        null,
        null,
        null,
        null,
        null,
        null,
        null,
        null,
        null,
        1,
        null,
        null,
        null,
        null,
        1,
        null,
        null,
        null,
        null,
        null,
        null,
        null,
        null,
        null,
        null,
        null,
        null,
        null,
        null,
        null,
        null,
        null,
        null,
        null,
        null,
        null,
        null,
        null,
        null,
        null,
        null,
        null,
        null,
        null,
        null,
        1,
        null,
        null,
        null,
        null,
        null,
        null,
        null,
        null,
        null,
        null,
        null,
        null,
        null,
        null,
        null,
        null,
        null,
        null,
        null,
        null,
        null,
        null,
        1,
        null,
        null,
        null,
        null,
        null,
        null,
        null,
        null,
        null,
        null,
        null,
        null,
        null,
        null,
        null,
        null,
        null,
        null,
        null,
        null,
        null,
        null,
        null,
        null,
        null,
        null,
        null,
        null,
        null,
        null,
        1,
        null,
        null,
        null,
        null,
        null,
        null,
        null,
        null,
        null,
        1,
        null,
        null,
        null,
        null,
        null,
        null,
        null,
        null,
        null,
        null,
        1,
        null,
        null,
        null,
        null,
        1,
        null,
        null,
        null,
        null,
        null,
        null,
        null,
        null,
        null,
        null,
        null,
        null,
        null,
        null,
        null,
        null,
        null,
        null,
        null,
        null,
        null,
        null,
        null,
        null,
        null,
        null,
        null,
        null,
        null,
        null,
        null,
        null,
        null,
        null,
        null,
        null,
        null,
        null,
        null,
        null,
        1,
        null,
        null,
        null,
        null,
        null,
        null,
        null,
        null,
        null,
        null,
        null,
        null,
        null,
        null,
        null,
        null,
        null,
        null,
        null,
        null,
        null,
        null,
        null,
        null,
        null,
        null,
        null,
        null,
        null,
        null,
        null,
        null,
        null,
        null,
        null,
        null,
        null,
        null,
        null,
        null,
        null,
        1,
        null,
        null,
        null,
        null,
        null,
        null,
        null,
        null,
        null,
        null,
        null,
        null,
        null,
        null,
        null,
        null,
        null,
        null,
        null,
        null,
        null,
        null,
        null,
        null,
        null,
        null,
        null,
        null,
        null
      ],
      "/home/lucy/verschenkenStattWegwerfen/config/initializers/filter_parameter_logging.rb": [
        null,
        null,
        null,
        1
      ],
      "/home/lucy/verschenkenStattWegwerfen/config/initializers/inflections.rb": [
        null,
        null,
        null,
        null,
        null,
        null,
        null,
        null,
        null,
        null,
        null,
        null,
        null,
        null,
        null,
        null
      ],
      "/home/lucy/verschenkenStattWegwerfen/config/initializers/mime_types.rb": [
        null,
        null,
        null,
        null
      ],
      "/home/lucy/verschenkenStattWegwerfen/config/initializers/wrap_parameters.rb": [
        null,
        null,
        null,
        null,
        null,
        null,
        1,
        2,
        null,
        null,
        null,
        null,
        null,
        null
      ],
      "/home/lucy/verschenkenStattWegwerfen/config/routes.rb": [
        1,
        null,
        1,
        1,
        1,
        1,
        1,
        null,
        1,
        1,
        1,
        1,
        1,
        1,
        1,
        1,
        1,
        1,
        null,
        1,
        null,
        1,
        1,
        null,
        null,
        null,
        null,
        null,
        null
      ],
      "/home/lucy/verschenkenStattWegwerfen/app/models/user.rb": [
        1,
        null,
        null,
        null,
        1,
        null
      ],
      "/home/lucy/verschenkenStattWegwerfen/app/models/application_record.rb": [
        1,
        1,
        null
      ],
      "/home/lucy/verschenkenStattWegwerfen/app/helpers/application_helper.rb": [
        1,
        null
      ],
      "/home/lucy/verschenkenStattWegwerfen/app/helpers/categories_helper.rb": [
        1,
        null
      ],
      "/home/lucy/verschenkenStattWegwerfen/app/helpers/category_helper.rb": [
        1,
        null
      ],
      "/home/lucy/verschenkenStattWegwerfen/app/helpers/offers_helper.rb": [
        1,
        null
      ],
      "/home/lucy/verschenkenStattWegwerfen/app/helpers/users_helper.rb": [
        1,
        null
      ],
      "/home/lucy/verschenkenStattWegwerfen/app/helpers/vendors_helper.rb": [
        1,
        null
      ],
      "/home/lucy/verschenkenStattWegwerfen/app/helpers/welcome_helper.rb": [
        1,
        null
      ],
      "/home/lucy/verschenkenStattWegwerfen/app/models/category.rb": [
        1,
        1,
        null
      ],
      "/home/lucy/verschenkenStattWegwerfen/app/controllers/categories_controller.rb": [
        1,
        1,
        2,
        2,
        null,
        null,
        1,
        0,
        null,
        null,
        1,
        0,
        null,
        null,
        1,
        0,
        null,
        null,
        1,
        0,
        null,
        0,
        0,
        0,
        0,
        0,
        null,
        0,
        0,
        null,
        null,
        null,
        null,
        1,
        0,
        null,
        0,
        0,
        null,
        0,
        null,
        null,
        null,
        1,
        1,
        1,
        null,
        1,
        null,
        null,
        null,
        1,
        0,
        null,
        null
      ],
      "/home/lucy/verschenkenStattWegwerfen/app/controllers/application_controller.rb": [
        1,
        1,
        1,
        null,
        null
      ]
    },
    "timestamp": 1513802954
  }
}
